2022-12-06 12:51:12.349 [info] <0.44.0> Application lager started on node nonode@nohost
2022-12-06 12:51:12.352 [info] <0.44.0> Application xmerl started on node nonode@nohost
2022-12-06 12:51:12.357 [info] <0.44.0> Application sasl started on node nonode@nohost
2022-12-06 12:51:12.357 [info] <0.44.0> Application tools started on node nonode@nohost
2022-12-06 12:51:12.357 [info] <0.44.0> Application jsx started on node nonode@nohost
2022-12-06 12:51:12.357 [info] <0.44.0> Application recon started on node nonode@nohost
2022-12-06 12:51:12.405 [info] <0.44.0> Application credentials_obfuscation started on node nonode@nohost
2022-12-06 12:51:12.405 [info] <0.44.0> Application rabbit_common started on node nonode@nohost
2022-12-06 12:51:12.416 [info] <0.44.0> Application amqp_client started on node nonode@nohost
2022-12-06 12:51:12.420 [info] <0.44.0> Application amqp started on node nonode@nohost
2022-12-06 12:51:12.420 [info] <0.44.0> Application iot started on node nonode@nohost
2022-12-06 13:03:02.581 [info] <0.44.0> Application lager started on node nonode@nohost
2022-12-06 13:03:02.585 [info] <0.44.0> Application xmerl started on node nonode@nohost
2022-12-06 13:03:02.590 [info] <0.44.0> Application sasl started on node nonode@nohost
2022-12-06 13:03:02.590 [info] <0.44.0> Application tools started on node nonode@nohost
2022-12-06 13:03:02.590 [info] <0.44.0> Application jsx started on node nonode@nohost
2022-12-06 13:03:02.590 [info] <0.44.0> Application recon started on node nonode@nohost
2022-12-06 13:03:02.643 [info] <0.44.0> Application credentials_obfuscation started on node nonode@nohost
2022-12-06 13:03:02.643 [info] <0.44.0> Application rabbit_common started on node nonode@nohost
2022-12-06 13:03:02.654 [info] <0.44.0> Application amqp_client started on node nonode@nohost
2022-12-06 13:03:02.660 [info] <0.44.0> Application amqp started on node nonode@nohost
2022-12-06 13:03:02.662 [info] <0.44.0> Application iot started on node nonode@nohost
2022-12-06 14:16:16.722 [warning] <0.279.0> Connection (<0.279.0>) closing: received hard error {'connection.close',320,<<"CONNECTION_FORCED - broker forced connection closure with reason 'shutdown'">>,0,0} from server
2022-12-06 14:16:16.722 [error] <0.282.0> Supervisor {<0.282.0>,amqp_channel_sup_sup} had child channel_sup started with amqp_channel_sup:start_link(network, <0.279.0>, <<"client 127.0.0.1:55762 -> 127.0.0.1:5672">>) at undefined exit with reason shutdown in context shutdown_error
