2022-12-06 14:16:16 =SUPERVISOR REPORT====
     Supervisor: {<0.282.0>,amqp_channel_sup_sup}
     Context:    shutdown_error
     Reason:     shutdown
     Offender:   [{nb_children,1},{id,channel_sup},{mfargs,{amqp_channel_sup,start_link,[network,<0.279.0>,<<"client 127.0.0.1:55762 -> 127.0.0.1:5672">>]}},{restart_type,temporary},{shutdown,infinity},{child_type,supervisor}]

2022-12-06 20:36:29 =ERROR REPORT====
** Generic server <0.455.0> terminating 
** Last message in was {basic_consume_ok,#{consumer_tag => <<"amq.ctag-TNJVlFEsuIPOzMmZeUwqCQ">>}}
** When Server state == #{'__struct__' => 'Elixir.StreamReader',connection => #{'__struct__' => 'Elixir.AMQP.Connection',pid => <0.458.0>},source => <<"rabbitmq">>}
** Reason for termination ==
** {function_clause,[{'Elixir.StreamReader',handle_info,[{basic_consume_ok,#{consumer_tag => <<"amq.ctag-TNJVlFEsuIPOzMmZeUwqCQ">>}},#{'__struct__' => 'Elixir.StreamReader',connection => #{'__struct__' => 'Elixir.AMQP.Connection',pid => <0.458.0>},source => <<"rabbitmq">>}],[{file,"lib/stream_reader.ex"},{line,31}]},{gen_server,try_dispatch,4,[{file,"gen_server.erl"},{line,1123}]},{gen_server,handle_msg,6,[{file,"gen_server.erl"},{line,1200}]},{proc_lib,init_p_do_apply,3,[{file,"proc_lib.erl"},{line,240}]}]}
2022-12-06 20:36:29 =CRASH REPORT====
  crasher:
    initial call: Elixir.StreamReader:init/1
    pid: <0.455.0>
    registered_name: []
    exception error: {function_clause,[{'Elixir.StreamReader',handle_info,[{basic_consume_ok,#{consumer_tag => <<"amq.ctag-TNJVlFEsuIPOzMmZeUwqCQ">>}},#{'__struct__' => 'Elixir.StreamReader',connection => #{'__struct__' => 'Elixir.AMQP.Connection',pid => <0.458.0>},source => <<"rabbitmq">>}],[{file,"lib/stream_reader.ex"},{line,31}]},{gen_server,try_dispatch,4,[{file,"gen_server.erl"},{line,1123}]},{gen_server,handle_msg,6,[{file,"gen_server.erl"},{line,1200}]},{proc_lib,init_p_do_apply,3,[{file,"proc_lib.erl"},{line,240}]}]}
    ancestors: [<0.292.0>,<0.74.0>]
    message_queue_len: 0
    messages: []
    links: [<0.292.0>]
    dictionary: [{gen_server_call_timeout,70000}]
    trap_exit: false
    status: running
    heap_size: 610
    stack_size: 28
    reductions: 1040
  neighbours:
    neighbour: [{pid,<0.294.0>},{registered_name,[]},{initial_call,{'Elixir.StreamReader',init,['Argument__1']}},{current_function,{gen_server,loop,7}},{ancestors,[<0.292.0>,<0.74.0>]},{message_queue_len,0},{links,[<0.292.0>]},{trap_exit,false},{status,waiting},{heap_size,233},{stack_size,11},{reductions,1205},{current_stacktrace,[{gen_server,loop,7,[{file,"gen_server.erl"},{line,871}]},{proc_lib,init_p_do_apply,3,[{file,"proc_lib.erl"},{line,240}]}]}]
    neighbour: [{pid,<0.400.0>},{registered_name,[]},{initial_call,{'Elixir.StreamReader',init,['Argument__1']}},{current_function,{gen_server,loop,7}},{ancestors,[<0.292.0>,<0.74.0>]},{message_queue_len,0},{links,[<0.292.0>]},{trap_exit,false},{status,waiting},{heap_size,376},{stack_size,11},{reductions,852},{current_stacktrace,[{gen_server,loop,7,[{file,"gen_server.erl"},{line,871}]},{proc_lib,init_p_do_apply,3,[{file,"proc_lib.erl"},{line,240}]}]}]
    neighbour: [{pid,<0.348.0>},{registered_name,[]},{initial_call,{'Elixir.StreamReader',init,['Argument__1']}},{current_function,{gen_server,loop,7}},{ancestors,[<0.292.0>,<0.74.0>]},{message_queue_len,0},{links,[<0.292.0>]},{trap_exit,false},{status,waiting},{heap_size,233},{stack_size,11},{reductions,940},{current_stacktrace,[{gen_server,loop,7,[{file,"gen_server.erl"},{line,871}]},{proc_lib,init_p_do_apply,3,[{file,"proc_lib.erl"},{line,240}]}]}]
    neighbour: [{pid,<0.292.0>},{registered_name,[]},{initial_call,{'Elixir.IEx.Evaluator',init,['Argument__1','Argument__2','Argument__3','Argument__4']}},{current_function,{'Elixir.IEx.Evaluator',loop,1}},{ancestors,[<0.74.0>]},{message_queue_len,0},{links,[<0.348.0>,<0.400.0>,<0.455.0>,<0.294.0>]},{trap_exit,false},{status,waiting},{heap_size,2586},{stack_size,16},{reductions,301606},{current_stacktrace,[{'Elixir.IEx.Evaluator',loop,1,[{file,"lib/iex/evaluator.ex"},{line,184}]},{'Elixir.IEx.Evaluator',init,4,[{file,"lib/iex/evaluator.ex"},{line,32}]},{proc_lib,init_p_do_apply,3,[{file,"proc_lib.erl"},{line,240}]}]}]
2022-12-06 20:38:00 =ERROR REPORT====
** Generic server <0.411.0> terminating
** Last message in was {consumer_call,{'basic.deliver',<<"amq.ctag-8xpsoOgrPlGfHopmbin2FQ">>,1,false,<<"logs">>,<<>>},{amqp_msg,{'P_basic',undefined,undefined,undefined,1,undefined,undefined,undefined,undefined,undefined,undefined,undefined,undefined,undefined,undefined},<<"ala">>}}
** When Server state == {state,amqp_selective_consumer,{state,#{},undefined,#{},none}}
** Reason for termination == 
** unexpected_delivery_and_no_default_consumer
2022-12-06 20:38:00 =CRASH REPORT====
  crasher:
    initial call: amqp_gen_consumer:init/1
    pid: <0.411.0>
    registered_name: []
    exception exit: {unexpected_delivery_and_no_default_consumer,[{gen_server2,terminate,3,[{file,"/Users/klangner/workspace/elixir/concurrent_data_processing/iot/deps/rabbit_common/src/gen_server2.erl"},{line,1183}]},{proc_lib,init_p_do_apply,3,[{file,"proc_lib.erl"},{line,240}]}]}
    ancestors: [<0.410.0>,<0.404.0>,<0.402.0>,<0.401.0>,amqp_sup,<0.281.0>]
    message_queue_len: 0
    messages: []
    links: [<0.410.0>]
    dictionary: [{process_name,{amqp_gen_consumer,{<<"client 127.0.0.1:57114 -> 127.0.0.1:5672">>,1}}}]
    trap_exit: false
    status: running
    heap_size: 987
    stack_size: 28
    reductions: 755
  neighbours:
2022-12-06 20:38:00 =SUPERVISOR REPORT====
     Supervisor: {<0.410.0>,amqp_channel_sup}
     Context:    child_terminated
     Reason:     unexpected_delivery_and_no_default_consumer
     Offender:   [{pid,<0.411.0>},{id,gen_consumer},{mfargs,{amqp_gen_consumer,start_link,[amqp_selective_consumer,[],{<<"client 127.0.0.1:57114 -> 127.0.0.1:5672">>,1}]}},{restart_type,intrinsic},{shutdown,300000},{child_type,worker}]

2022-12-06 20:38:00 =SUPERVISOR REPORT====
     Supervisor: {<0.410.0>,amqp_channel_sup}
     Context:    shutdown
     Reason:     reached_max_restart_intensity
     Offender:   [{pid,<0.411.0>},{id,gen_consumer},{mfargs,{amqp_gen_consumer,start_link,[amqp_selective_consumer,[],{<<"client 127.0.0.1:57114 -> 127.0.0.1:5672">>,1}]}},{restart_type,intrinsic},{shutdown,300000},{child_type,worker}]

2022-12-06 20:38:00 =ERROR REPORT====
** Generic server <0.307.0> terminating
** Last message in was {consumer_call,{'basic.deliver',<<"amq.ctag-WvyLjAM5yvGWmpbqrNzIcw">>,1,false,<<"logs">>,<<>>},{amqp_msg,{'P_basic',undefined,undefined,undefined,1,undefined,undefined,undefined,undefined,undefined,undefined,undefined,undefined,undefined,undefined},<<"ala">>}}
** When Server state == {state,amqp_selective_consumer,{state,#{},undefined,#{},none}}
** Reason for termination == 
** unexpected_delivery_and_no_default_consumer
2022-12-06 20:38:00 =ERROR REPORT====
** Generic server <0.359.0> terminating
** Last message in was {consumer_call,{'basic.deliver',<<"amq.ctag-m9bgnPUczE9IA765A3jgXQ">>,1,false,<<"logs">>,<<>>},{amqp_msg,{'P_basic',undefined,undefined,undefined,1,undefined,undefined,undefined,undefined,undefined,undefined,undefined,undefined,undefined,undefined},<<"ala">>}}
** When Server state == {state,amqp_selective_consumer,{state,#{},undefined,#{},none}}
** Reason for termination == 
** unexpected_delivery_and_no_default_consumer
2022-12-06 20:38:00 =CRASH REPORT====
  crasher:
    initial call: amqp_gen_consumer:init/1
    pid: <0.307.0>
    registered_name: []
    exception exit: {unexpected_delivery_and_no_default_consumer,[{gen_server2,terminate,3,[{file,"/Users/klangner/workspace/elixir/concurrent_data_processing/iot/deps/rabbit_common/src/gen_server2.erl"},{line,1183}]},{proc_lib,init_p_do_apply,3,[{file,"proc_lib.erl"},{line,240}]}]}
    ancestors: [<0.306.0>,<0.300.0>,<0.296.0>,<0.295.0>,amqp_sup,<0.281.0>]
    message_queue_len: 0
    messages: []
    links: [<0.306.0>]
    dictionary: [{process_name,{amqp_gen_consumer,{<<"client 127.0.0.1:57097 -> 127.0.0.1:5672">>,1}}}]
    trap_exit: false
    status: running
    heap_size: 610
    stack_size: 28
    reductions: 975
  neighbours:
2022-12-06 20:38:00 =CRASH REPORT====
  crasher:
    initial call: amqp_gen_consumer:init/1
    pid: <0.359.0>
    registered_name: []
    exception exit: {unexpected_delivery_and_no_default_consumer,[{gen_server2,terminate,3,[{file,"/Users/klangner/workspace/elixir/concurrent_data_processing/iot/deps/rabbit_common/src/gen_server2.erl"},{line,1183}]},{proc_lib,init_p_do_apply,3,[{file,"proc_lib.erl"},{line,240}]}]}
    ancestors: [<0.358.0>,<0.352.0>,<0.350.0>,<0.349.0>,amqp_sup,<0.281.0>]
    message_queue_len: 0
    messages: []
    links: [<0.358.0>]
    dictionary: [{process_name,{amqp_gen_consumer,{<<"client 127.0.0.1:57101 -> 127.0.0.1:5672">>,1}}}]
    trap_exit: false
    status: running
    heap_size: 987
    stack_size: 28
    reductions: 821
  neighbours:
2022-12-06 20:38:00 =ERROR REPORT====
** Generic server <0.308.0> terminating 
** Last message in was {'$gen_cast',{method,{'basic.deliver',<<"amq.ctag-WvyLjAM5yvGWmpbqrNzIcw">>,1,false,<<"logs">>,<<>>},{content,60,none,<<16,0,1>>,rabbit_framing_amqp_0_9_1,[<<"ala">>]},noflow}}
** When Server state == {state,1,<0.297.0>,<0.307.0>,network,{[],[]},false,<0.309.0>,none,none,0,true,none,{0,nil},{0,nil},true,false}
** Reason for termination ==
** {{unexpected_delivery_and_no_default_consumer,{gen_server2,call,[<0.307.0>,{consumer_call,{'basic.deliver',<<"amq.ctag-WvyLjAM5yvGWmpbqrNzIcw">>,1,false,<<"logs">>,<<>>},{amqp_msg,{'P_basic',undefined,undefined,undefined,1,undefined,undefined,undefined,undefined,undefined,undefined,undefined,undefined,undefined,undefined},<<"ala">>}},70000]}},[{gen_server2,call,3,[{file,"/Users/klangner/workspace/elixir/concurrent_data_processing/iot/deps/rabbit_common/src/gen_server2.erl"},{line,346}]},{amqp_channel,handle_method_from_server1,3,[{file,"/Users/klangner/workspace/elixir/concurrent_data_processing/iot/deps/amqp_client/src/amqp_channel.erl"},{line,762}]},{gen_server,try_dispatch,4,[{file,"gen_server.erl"},{line,1123}]},{gen_server,handle_msg,6,[{file,"gen_server.erl"},{line,1200}]},{proc_lib,init_p_do_apply,3,[{file,"proc_lib.erl"},{line,240}]}]}
2022-12-06 20:38:00 =SUPERVISOR REPORT====
     Supervisor: {<0.358.0>,amqp_channel_sup}
     Context:    child_terminated
     Reason:     unexpected_delivery_and_no_default_consumer
     Offender:   [{pid,<0.359.0>},{id,gen_consumer},{mfargs,{amqp_gen_consumer,start_link,[amqp_selective_consumer,[],{<<"client 127.0.0.1:57101 -> 127.0.0.1:5672">>,1}]}},{restart_type,intrinsic},{shutdown,300000},{child_type,worker}]

2022-12-06 20:38:00 =SUPERVISOR REPORT====
     Supervisor: {<0.358.0>,amqp_channel_sup}
     Context:    shutdown
     Reason:     reached_max_restart_intensity
     Offender:   [{pid,<0.359.0>},{id,gen_consumer},{mfargs,{amqp_gen_consumer,start_link,[amqp_selective_consumer,[],{<<"client 127.0.0.1:57101 -> 127.0.0.1:5672">>,1}]}},{restart_type,intrinsic},{shutdown,300000},{child_type,worker}]

2022-12-06 20:38:00 =SUPERVISOR REPORT====
     Supervisor: {<0.306.0>,amqp_channel_sup}
     Context:    child_terminated
     Reason:     unexpected_delivery_and_no_default_consumer
     Offender:   [{pid,<0.307.0>},{id,gen_consumer},{mfargs,{amqp_gen_consumer,start_link,[amqp_selective_consumer,[],{<<"client 127.0.0.1:57097 -> 127.0.0.1:5672">>,1}]}},{restart_type,intrinsic},{shutdown,300000},{child_type,worker}]

2022-12-06 20:38:00 =SUPERVISOR REPORT====
     Supervisor: {<0.306.0>,amqp_channel_sup}
     Context:    shutdown
     Reason:     reached_max_restart_intensity
     Offender:   [{pid,<0.307.0>},{id,gen_consumer},{mfargs,{amqp_gen_consumer,start_link,[amqp_selective_consumer,[],{<<"client 127.0.0.1:57097 -> 127.0.0.1:5672">>,1}]}},{restart_type,intrinsic},{shutdown,300000},{child_type,worker}]

2022-12-06 20:38:00 =CRASH REPORT====
  crasher:
    initial call: amqp_channel:init/1
    pid: <0.308.0>
    registered_name: []
    exception exit: {{unexpected_delivery_and_no_default_consumer,{gen_server2,call,[<0.307.0>,{consumer_call,{'basic.deliver',<<"amq.ctag-WvyLjAM5yvGWmpbqrNzIcw">>,1,false,<<"logs">>,<<>>},{amqp_msg,{'P_basic',undefined,undefined,undefined,1,undefined,undefined,undefined,undefined,undefined,undefined,undefined,undefined,undefined,undefined},<<"ala">>}},70000]}},[{gen_server2,call,3,[{file,"/Users/klangner/workspace/elixir/concurrent_data_processing/iot/deps/rabbit_common/src/gen_server2.erl"},{line,346}]},{amqp_channel,handle_method_from_server1,3,[{file,"/Users/klangner/workspace/elixir/concurrent_data_processing/iot/deps/amqp_client/src/amqp_channel.erl"},{line,762}]},{gen_server,try_dispatch,4,[{file,"gen_server.erl"},{line,1123}]},{gen_server,handle_msg,6,[{file,"gen_server.erl"},{line,1200}]},{proc_lib,init_p_do_apply,3,[{file,"proc_lib.erl"},{line,240}]}]}
    ancestors: [<0.306.0>,<0.300.0>,<0.296.0>,<0.295.0>,amqp_sup,<0.281.0>]
    message_queue_len: 0
    messages: []
    links: [<0.306.0>]
    dictionary: [{process_name,{amqp_channel,{<<"client 127.0.0.1:57097 -> 127.0.0.1:5672">>,1}}},{gen_server_call_timeout,70000}]
    trap_exit: false
    status: running
    heap_size: 987
    stack_size: 28
    reductions: 1360
  neighbours:
2022-12-06 20:38:00 =SUPERVISOR REPORT====
     Supervisor: {<0.306.0>,amqp_channel_sup}
     Context:    shutdown_error
     Reason:     {unexpected_delivery_and_no_default_consumer,{gen_server2,call,[<0.307.0>,{consumer_call,{'basic.deliver',<<"amq.ctag-WvyLjAM5yvGWmpbqrNzIcw">>,1,false,<<"logs">>,<<>>},{amqp_msg,{'P_basic',undefined,undefined,undefined,1,undefined,undefined,undefined,undefined,undefined,undefined,undefined,undefined,undefined,undefined},<<"ala">>}},70000]}}
     Offender:   [{pid,<0.308.0>},{id,channel},{mfargs,{amqp_channel,start_link,[network,<0.297.0>,1,<0.307.0>,{<<"client 127.0.0.1:57097 -> 127.0.0.1:5672">>,1}]}},{restart_type,intrinsic},{shutdown,300000},{child_type,worker}]

2022-12-06 20:38:00 =ERROR REPORT====
** Generic server <0.297.0> terminating 
** Last message in was {channel_exit,0,method_field_shortstr_overflow}
** When Server state == {state,amqp_network_connection,{state,#Port<0.6>,<<"client 127.0.0.1:57097 -> 127.0.0.1:5672">>,10,<0.302.0>,131072,<0.296.0>,{internal_error,541,<<"<0.308.0>:{unexpected_delivery_and_no_default_consumer,\n              {gen_server2,call,\n                  [<0.307.0>,\n                   {consumer_call,\n                       {'basic.deliver',\n                           <<\"amq.ctag-WvyLjAM5yvGWmpbqrNzIcw\">>,1,false,\n                           <<\"logs\">>,<<>>},\n                       {amqp_msg,\n                           {'P_basic',undefined,undefined,undefined,1,\n                               undefined,undefined,undefined,undefined,\n                               undefined,undefined,undefined,undefined,\n                               undefined,undefined},\n                           <<\"ala\">>}},\n                   70000]}}">>},false},<0.301.0>,{amqp_params_network,<<"guest">>,{plaintext,<<"guest">>},<<"/">>,"localhost",5672,0,0,10,50000,none,[fun amqp_auth_mechanisms:plain/3,fun amqp_auth_mechanisms:amqplain/3],[],[]},2047,[{<<"capabilities">>,table,[{<<"publisher_confirms">>,bool,true},{<<"exchange_exchange_bindings">>,bool,true},{<<"basic.nack">>,bool,true},{<<"consumer_cancel_notify">>,bool,true},{<<"connection.blocked">>,bool,true},{<<"consumer_priorities">>,bool,true},{<<"authentication_failure_close">>,bool,true},{<<"per_consumer_qos">>,bool,true},{<<"direct_reply_to">>,bool,true}]},{<<"cluster_name">>,longstr,<<"rabbit@bd2dd39f7ed6">>},{<<"copyright">>,longstr,<<"Copyright (c) 2007-2022 VMware, Inc. or its affiliates.">>},{<<"information">>,longstr,<<"Licensed under the MPL 2.0. Website: https://rabbitmq.com">>},{<<"platform">>,longstr,<<"Erlang/OTP 25.1.2">>},{<<"product">>,longstr,<<"RabbitMQ">>},{<<"version">>,longstr,<<"3.11.4">>}],none,{closing,internal_error,{'connection.close',541,<<"<0.308.0>:{unexpected_delivery_and_no_default_consumer,\n              {gen_server2,call,\n                  [<0.307.0>,\n                   {consumer_call,\n                       {'basic.deliver',\n                           <<\"amq.ctag-WvyLjAM5yvGWmpbqrNzIcw\">>,1,false,\n                           <<\"logs\">>,<<>>},\n                       {amqp_msg,\n                           {'P_basic',undefined,undefined,undefined,1,\n                               undefined,undefined,undefined,undefined,\n                               undefined,undefined,undefined,undefined,\n                               undefined,undefined},\n                           <<\"ala\">>}},\n                   70000]}}">>,0,0},none}}
** Reason for termination ==
** {channel0_died,method_field_shortstr_overflow}
2022-12-06 20:38:00 =CRASH REPORT====
  crasher:
    initial call: amqp_gen_connection:init/1
    pid: <0.297.0>
    registered_name: []
    exception exit: {{channel0_died,method_field_shortstr_overflow},[{gen_server,handle_common_reply,8,[{file,"gen_server.erl"},{line,1241}]},{proc_lib,init_p_do_apply,3,[{file,"proc_lib.erl"},{line,240}]}]}
    ancestors: [<0.295.0>,amqp_sup,<0.281.0>]
    message_queue_len: 0
    messages: []
    links: [<0.295.0>]
    dictionary: [{process_name,{amqp_gen_connection,<<"client 127.0.0.1:57097 -> 127.0.0.1:5672">>}},{gen_server_call_timeout,70000}]
    trap_exit: true
    status: running
    heap_size: 1598
    stack_size: 28
    reductions: 7818
  neighbours:
2022-12-06 20:38:00 =SUPERVISOR REPORT====
     Supervisor: {<0.295.0>,amqp_connection_sup}
     Context:    child_terminated
     Reason:     {channel0_died,method_field_shortstr_overflow}
     Offender:   [{pid,<0.297.0>},{id,connection},{mfargs,{amqp_gen_connection,start_link,[<0.296.0>,{amqp_params_network,<<"guest">>,{plaintext,<<"guest">>},<<"/">>,"localhost",5672,0,0,10,50000,none,[fun amqp_auth_mechanisms:plain/3,fun amqp_auth_mechanisms:amqplain/3],[],[]}]}},{restart_type,intrinsic},{shutdown,brutal_kill},{child_type,worker}]

2022-12-06 20:38:00 =SUPERVISOR REPORT====
     Supervisor: {<0.295.0>,amqp_connection_sup}
     Context:    shutdown
     Reason:     reached_max_restart_intensity
     Offender:   [{pid,<0.297.0>},{id,connection},{mfargs,{amqp_gen_connection,start_link,[<0.296.0>,{amqp_params_network,<<"guest">>,{plaintext,<<"guest">>},<<"/">>,"localhost",5672,0,0,10,50000,none,[fun amqp_auth_mechanisms:plain/3,fun amqp_auth_mechanisms:amqplain/3],[],[]}]}},{restart_type,intrinsic},{shutdown,brutal_kill},{child_type,worker}]

